#
# There is insufficient memory for the Java Runtime Environment to continue.
# Native memory allocation (mmap) failed to map 199229440 bytes for G1 virtual space
# Possible reasons:
#   The system is out of physical RAM or swap space
#   The process is running with CompressedOops enabled, and the Java Heap may be blocking the growth of the native heap
# Possible solutions:
#   Reduce memory load on the system
#   Increase physical memory or swap space
#   Check if swap backing store is full
#   Decrease Java heap size (-Xmx/-Xms)
#   Decrease number of Java threads
#   Decrease Java thread stack sizes (-Xss)
#   Set larger code cache with -XX:ReservedCodeCacheSize=
#   JVM is running with Zero Based Compressed Oops mode in which the Java heap is
#     placed in the first 32GB address space. The Java Heap base address is the
#     maximum limit for the native heap growth. Please use -XX:HeapBaseMinAddress
#     to set the Java Heap base and to place the Java Heap above 32GB virtual address.
# This output file may be truncated or incomplete.
#
#  Out of Memory Error (os_windows.cpp:3753), pid=18920, tid=17896
#
# JRE version:  (17.0.4+7) (build )
# Java VM: OpenJDK 64-Bit Server VM (17.0.4+7-b469.53, mixed mode, sharing, tiered, compressed oops, compressed class ptrs, g1 gc, windows-amd64)
# No core dump will be written. Minidumps are not enabled by default on client versions of Windows
#

---------------  S U M M A R Y ------------

Command Line: git4idea.http.GitAskPassApp Username for 'https://github.com': 

Host: Intel(R) Core(TM) i7-8550U CPU @ 1.80GHz, 8 cores, 11G,  Windows 10 , 64 bit Build 19041 (10.0.19041.1202)
Time: Tue Oct 11 07:12:59 2022 Central Daylight Time elapsed time: 0.008563 seconds (0d 0h 0m 0s)

---------------  T H R E A D  ---------------

Current thread (0x000001512bbb6000):  JavaThread "Unknown thread" [_thread_in_vm, id=17896, stack(0x0000002f96100000,0x0000002f96200000)]

Stack: [0x0000002f96100000,0x0000002f96200000]
Native frames: (J=compiled Java code, j=interpreted, Vv=VM code, C=native code)
V  [jvm.dll+0x68348a]
V  [jvm.dll+0x83faf4]
V  [jvm.dll+0x84129e]
V  [jvm.dll+0x841903]
V  [jvm.dll+0x2494a5]
V  [jvm.dll+0x680359]
V  [jvm.dll+0x67499a]
V  [jvm.dll+0x3092db]
V  [jvm.dll+0x310796]
V  [jvm.dll+0x36077e]
V  [jvm.dll+0x3609af]
V  [jvm.dll+0x2df3c8]
V  [jvm.dll+0x2e0334]
V  [jvm.dll+0x8112e1]
V  [jvm.dll+0x36e5d1]
V  [jvm.dll+0x7f06bc]
V  [jvm.dll+0x3f16ef]
V  [jvm.dll+0x3f3231]
C  [jli.dll+0x526b]
C  [ucrtbase.dll+0x21bb2]
C  [KERNEL32.DLL+0x17034]
C  [ntdll.dll+0x52651]


---------------  P R O C E S S  ---------------

Threads class SMR info:
_java_thread_list=0x00007ff936cc7f18, length=0, elements={
}

Java Threads: ( => current thread )

Other Threads:
  0x000001512bc0b730 GCTaskThread "GC Thread#0" [stack: 0x0000002f96200000,0x0000002f96300000] [id=1808]
  0x000001512bc1a320 ConcurrentGCThread "G1 Main Marker" [stack: 0x0000002f96300000,0x0000002f96400000] [id=21488]
  0x000001512bc1ac40 ConcurrentGCThread "G1 Conc#0" [stack: 0x0000002f96400000,0x0000002f96500000] [id=8628]

[error occurred during error reporting (printing all threads), id 0xc0000005, EXCEPTION_ACCESS_VIOLATION (0xc0000005) at pc=0x00007ff93647ff87]

VM state: not at safepoint (not fully initialized)

VM Mutex/Monitor currently owned by a thread:  ([mutex/lock_event])
[0x000001512bbb1230] Heap_lock - owner thread: 0x000001512bbb6000

Heap address: 0x0000000742600000, size: 3034 MB, Compressed Oops mode: Zero based, Oop shift amount: 3

CDS archive(s) mapped at: [0x0000000000000000-0x0000000000000000-0x0000000000000000), size 0, SharedBaseAddress: 0x0000000800000000, ArchiveRelocationMode: 0.
Narrow klass base: 0x0000000000000000, Narrow klass shift: 0, Narrow klass range: 0x0

GC Precious Log:
<Empty>

Heap:
 garbage-first heap   total 0K, used 0K [0x0000000742600000, 0x0000000800000000)
  region size 2048K, 0 young (0K), 0 survivors (0K)

[error occurred during error reporting (printing heap information), id 0xc0000005, EXCEPTION_ACCESS_VIOLATION (0xc0000005) at pc=0x00007ff93686d119]

GC Heap History (0 events):
No events

Deoptimization events (0 events):
No events

Classes unloaded (0 events):
No events

Classes redefined (0 events):
No events

Internal exceptions (0 events):
No events

VM Operations (0 events):
No events

Events (1 events):
Event: 0.006 Loaded shared library C:\Program Files\JetBrains\IntelliJ IDEA Community Edition 2022.2.2\jbr\bin\java.dll


Dynamic libraries:
0x00007ff610cb0000 - 0x00007ff610cba000 	C:\Program Files\JetBrains\IntelliJ IDEA Community Edition 2022.2.2\jbr\bin\java.exe
0x00007ff9d3150000 - 0x00007ff9d3345000 	C:\WINDOWS\SYSTEM32\ntdll.dll
0x00007ff9d15b0000 - 0x00007ff9d166e000 	C:\WINDOWS\System32\KERNEL32.DLL
0x00007ff9d0be0000 - 0x00007ff9d0ea9000 	C:\WINDOWS\System32\KERNELBASE.dll
0x00007ff9d0eb0000 - 0x00007ff9d0fb0000 	C:\WINDOWS\System32\ucrtbase.dll
0x00007ff9af9c0000 - 0x00007ff9af9d7000 	C:\Program Files\JetBrains\IntelliJ IDEA Community Edition 2022.2.2\jbr\bin\jli.dll
0x00007ff9b3380000 - 0x00007ff9b339b000 	C:\Program Files\JetBrains\IntelliJ IDEA Community Edition 2022.2.2\jbr\bin\VCRUNTIME140.dll
0x00007ff9d1220000 - 0x00007ff9d13c1000 	C:\WINDOWS\System32\USER32.dll
0x00007ff9d10c0000 - 0x00007ff9d10e2000 	C:\WINDOWS\System32\win32u.dll
0x00007ff9ba5c0000 - 0x00007ff9ba85a000 	C:\WINDOWS\WinSxS\amd64_microsoft.windows.common-controls_6595b64144ccf1df_6.0.19041.1110_none_60b5254171f9507e\COMCTL32.dll
0x00007ff9d13d0000 - 0x00007ff9d13fb000 	C:\WINDOWS\System32\GDI32.dll
0x00007ff9d1a40000 - 0x00007ff9d1ade000 	C:\WINDOWS\System32\msvcrt.dll
0x00007ff9d0fb0000 - 0x00007ff9d10bb000 	C:\WINDOWS\System32\gdi32full.dll
0x00007ff9d08c0000 - 0x00007ff9d095d000 	C:\WINDOWS\System32\msvcp_win.dll
0x00007ff9d2660000 - 0x00007ff9d2690000 	C:\WINDOWS\System32\IMM32.DLL
0x00007ff9c1900000 - 0x00007ff9c190c000 	C:\Program Files\JetBrains\IntelliJ IDEA Community Edition 2022.2.2\jbr\bin\vcruntime140_1.dll
0x00007ff98ef30000 - 0x00007ff98efbd000 	C:\Program Files\JetBrains\IntelliJ IDEA Community Edition 2022.2.2\jbr\bin\msvcp140.dll
0x00007ff936190000 - 0x00007ff936df9000 	C:\Program Files\JetBrains\IntelliJ IDEA Community Edition 2022.2.2\jbr\bin\server\jvm.dll
0x00007ff9d2fa0000 - 0x00007ff9d304c000 	C:\WINDOWS\System32\ADVAPI32.dll
0x00007ff9d1f60000 - 0x00007ff9d1ffb000 	C:\WINDOWS\System32\sechost.dll
0x00007ff9d2060000 - 0x00007ff9d218a000 	C:\WINDOWS\System32\RPCRT4.dll
0x00007ff9d3050000 - 0x00007ff9d3058000 	C:\WINDOWS\System32\PSAPI.DLL
0x00007ff9b8920000 - 0x00007ff9b8929000 	C:\WINDOWS\SYSTEM32\WSOCK32.dll
0x00007ff9c1ee0000 - 0x00007ff9c1eea000 	C:\WINDOWS\SYSTEM32\VERSION.dll
0x00007ff9b71e0000 - 0x00007ff9b7207000 	C:\WINDOWS\SYSTEM32\WINMM.dll
0x00007ff9d19d0000 - 0x00007ff9d1a3b000 	C:\WINDOWS\System32\WS2_32.dll
0x00007ff9cf0f0000 - 0x00007ff9cf102000 	C:\WINDOWS\SYSTEM32\kernel.appcore.dll
0x00007ff9c5ca0000 - 0x00007ff9c5caa000 	C:\Program Files\JetBrains\IntelliJ IDEA Community Edition 2022.2.2\jbr\bin\jimage.dll
0x00007ff9cbdb0000 - 0x00007ff9cbf94000 	C:\WINDOWS\SYSTEM32\DBGHELP.DLL
0x00007ff9b67c0000 - 0x00007ff9b67ec000 	C:\WINDOWS\SYSTEM32\dbgcore.DLL
0x00007ff9d0af0000 - 0x00007ff9d0b73000 	C:\WINDOWS\System32\bcryptPrimitives.dll
0x00007ff9b3400000 - 0x00007ff9b3425000 	C:\Program Files\JetBrains\IntelliJ IDEA Community Edition 2022.2.2\jbr\bin\java.dll

dbghelp: loaded successfully - version: 4.0.5 - missing functions: none
symbol engine: initialized successfully - sym options: 0x614 - pdb path: .;C:\Program Files\JetBrains\IntelliJ IDEA Community Edition 2022.2.2\jbr\bin;C:\WINDOWS\SYSTEM32;C:\WINDOWS\WinSxS\amd64_microsoft.windows.common-controls_6595b64144ccf1df_6.0.19041.1110_none_60b5254171f9507e;C:\Program Files\JetBrains\IntelliJ IDEA Community Edition 2022.2.2\jbr\bin\server

VM Arguments:
java_command: git4idea.http.GitAskPassApp Username for 'https://github.com': 
java_class_path (initial): C:/Program Files/JetBrains/IntelliJ IDEA Community Edition 2022.2.2/plugins/git4idea/lib/git4idea-rt.jar;C:/Program Files/JetBrains/IntelliJ IDEA Community Edition 2022.2.2/lib/externalProcess-rt.jar;C:/Program Files/JetBrains/IntelliJ IDEA Community Edition 2022.2.2/lib/app.jar;C:/Program Files/JetBrains/IntelliJ IDEA Community Edition 2022.2.2/lib/3rd-party-rt.jar
Launcher Type: SUN_STANDARD

[Global flags]
     intx CICompilerCount                          = 4                                         {product} {ergonomic}
     uint ConcGCThreads                            = 2                                         {product} {ergonomic}
     uint G1ConcRefinementThreads                  = 8                                         {product} {ergonomic}
   size_t G1HeapRegionSize                         = 2097152                                   {product} {ergonomic}
    uintx GCDrainStackTargetSize                   = 64                                        {product} {ergonomic}
   size_t InitialHeapSize                          = 199229440                                 {product} {ergonomic}
   size_t MarkStackSize                            = 4194304                                   {product} {ergonomic}
   size_t MaxHeapSize                              = 3181379584                                {product} {ergonomic}
   size_t MinHeapDeltaBytes                        = 2097152                                   {product} {ergonomic}
   size_t MinHeapSize                              = 8388608                                   {product} {ergonomic}
    uintx NonNMethodCodeHeapSize                   = 5839372                                {pd product} {ergonomic}
    uintx NonProfiledCodeHeapSize                  = 122909434                              {pd product} {ergonomic}
    uintx ProfiledCodeHeapSize                     = 122909434                              {pd product} {ergonomic}
    uintx ReservedCodeCacheSize                    = 251658240                              {pd product} {ergonomic}
     bool SegmentedCodeCache                       = true                                      {product} {ergonomic}
   size_t SoftMaxHeapSize                          = 3181379584                             {manageable} {ergonomic}
     bool UseCompressedClassPointers               = true                           {product lp64_product} {ergonomic}
     bool UseCompressedOops                        = true                           {product lp64_product} {ergonomic}
     bool UseG1GC                                  = true                                      {product} {ergonomic}
     bool UseLargePagesIndividualAllocation        = false                                  {pd product} {ergonomic}

Logging:
Log output configuration:
 #0: stdout all=warning uptime,level,tags
 #1: stderr all=off uptime,level,tags

Environment Variables:
JAVA_HOME=C:\Program Files\Java\jdk-17.0.1
PATH=C:\Program Files\Git\mingw64\libexec\git-core;C:\Program Files\Git\mingw64\libexec\git-core;C:\Program Files\Git\mingw64\libexec\git-core;C:\Program Files\Git\mingw64\bin;C:\Program Files\Git\usr\bin;C:\temp\bin;C:\Program Files\Common Files\Oracle\Java\javapath;C:\WINDOWS\system32;C:\WINDOWS;C:\WINDOWS\System32\Wbem;C:\WINDOWS\System32\WindowsPowerShell\v1.0;C:\WINDOWS\System32\OpenSSH;C:\Program Files\Intel\WiFi\bin;C:\Program Files\Common Files\Intel\WirelessCommon;C:\Program Files\Intel\iCLS Client;C:\Program Files (x86)\Microsoft SQL Server\150\DTS\Binn;C:\Program Files\dotnet;C:\Program Files\Microsoft SQL Server\130\Tools\Binn;C:\Program Files\Microsoft SQL Server\Client SDK\ODBC\170\Tools\Binn;C:\ProgramData\chocolatey\bin;C:\OpenOCD\bin;C:\Program Files\qemu;C:\Program Files\Amazon\AWSCLI\bin;C:\Users\ferrer\Documents\Courses\CSCI 322 Spring 2020\nand2tetris\tools;C:\Program Files (x86)\Microsoft Visual Studio\Shared\Python37_64;C:\Program Files\Java\jdk-17.0.1\bin;C:\Users\ferrer\flutter;C:\Program Files\Azure Data Studio\bin;C:\Program Files (x86)\Intel\Intel(R) Management Engine Components\DAL;C:\Program Files\Intel\Intel(R) Management Engine Components\DAL;C:\Program Files\Microsoft VS Code\bin;C:\Program Files\Git\cmd;C:\Users\ferrer\AppData\Local\Programs\Python\Python310\Scripts;C:\Users\ferrer\AppData\Local\Programs\Python\Python310;C:\Program Files\nodejs;C:\Program Files\PuTTY;C:\Users\ferrer\AppData\Local\Microsoft\WindowsApps;C:\Program Files (x86)\GNU Tools Arm Embedded\9 2019-q4-major\bin;C:\Users\ferrer\.cargo\bin;C:\Users\ferrer\flutter\bin;C:\Users\ferrer\bin;C:\Program Files\Azure Data Studio\bin;C:\ghcup\bin;C:\tools\dart-sdk\bin;C:\Users\ferrer\AppData\Roaming\Pub\Cache\bin;C:\Users\ferrer\AppData\Roaming\npm
USERNAME=ferrer
DISPLAY=:0.0
LC_ALL=en_US.UTF-8
TERM=cygwin
TMPDIR=C:\Users\ferrer\AppData\Local\Temp
OS=Windows_NT
PROCESSOR_IDENTIFIER=Intel64 Family 6 Model 142 Stepping 10, GenuineIntel
TMP=C:\Users\ferrer\AppData\Local\Temp
TEMP=C:\Users\ferrer\AppData\Local\Temp



---------------  S Y S T E M  ---------------

OS:
 Windows 10 , 64 bit Build 19041 (10.0.19041.1202)
OS uptime: 11 days 20:53 hours

CPU: total 8 (initial active 8) (4 cores per cpu, 2 threads per core) family 6 model 142 stepping 10 microcode 0xb4, cx8, cmov, fxsr, ht, mmx, 3dnowpref, sse, sse2, sse3, ssse3, sse4.1, sse4.2, popcnt, lzcnt, tsc, tscinvbit, avx, avx2, aes, erms, clmul, bmi1, bmi2, adx, fma, vzeroupper, clflush, clflushopt

Memory: 4k page, system-wide physical 12130M (971M free)
TotalPageFile size 42495M (AvailPageFile size 176M)
current process WorkingSet (physical memory assigned to process): 10M, peak: 10M
current process commit charge ("private bytes"): 60M, peak: 249M

vm_info: OpenJDK 64-Bit Server VM (17.0.4+7-b469.53) for windows-amd64 JRE (17.0.4+7-b469.53), built on 2022-08-29 by "builduser" with MS VC++ 16.10 / 16.11 (VS2019)

END.
